[2020-09-13 03:05:26] local.ERROR: Please provide a valid cache path. {"exception":"[object] (InvalidArgumentException(code: 0): Please provide a valid cache path. at D:\\proyectos\\contacto-amarillo003\\vendor\\laravel\\framework\\src\\Illuminate\\View\\Compilers\\Compiler.php:36)
[stacktrace]
#0 D:\\proyectos\\contacto-amarillo003\\vendor\\laravel\\framework\\src\\Illuminate\\View\\ViewServiceProvider.php(91): Illuminate\\View\\Compilers\\Compiler->__construct(Object(Illuminate\\Filesystem\\Filesystem), false)
#1 D:\\proyectos\\contacto-amarillo003\\vendor\\laravel\\framework\\src\\Illuminate\\Container\\Container.php(805): Illuminate\\View\\ViewServiceProvider->Illuminate\\View\\{closure}(Object(Illuminate\\Foundation\\Application), Array)
#2 D:\\proyectos\\contacto-amarillo003\\vendor\\laravel\\framework\\src\\Illuminate\\Container\\Container.php(691): Illuminate\\Container\\Container->build(Object(Closure))
#3 D:\\proyectos\\contacto-amarillo003\\vendor\\laravel\\framework\\src\\Illuminate\\Foundation\\Application.php(796): Illuminate\\Container\\Container->resolve('blade.compiler', Array, true)
#4 D:\\proyectos\\contacto-amarillo003\\vendor\\laravel\\framework\\src\\Illuminate\\Container\\Container.php(637): Illuminate\\Foundation\\Application->resolve('blade.compiler', Array)
#5 D:\\proyectos\\contacto-amarillo003\\vendor\\laravel\\framework\\src\\Illuminate\\Foundation\\Application.php(781): Illuminate\\Container\\Container->make('blade.compiler', Array)
#6 D:\\proyectos\\contacto-amarillo003\\vendor\\laravel\\framework\\src\\Illuminate\\Container\\Container.php(1284): Illuminate\\Foundation\\Application->make('blade.compiler')
#7 D:\\proyectos\\contacto-amarillo003\\vendor\\laravel\\framework\\src\\Illuminate\\View\\ViewServiceProvider.php(151): Illuminate\\Container\\Container->offsetGet('blade.compiler')
#8 [internal function]: Illuminate\\View\\ViewServiceProvider->Illuminate\\View\\{closure}()
#9 D:\\proyectos\\contacto-amarillo003\\vendor\\laravel\\framework\\src\\Illuminate\\View\\Engines\\EngineResolver.php(55): call_user_func(Object(Closure))
#10 D:\\proyectos\\contacto-amarillo003\\vendor\\facade\\ignition\\src\\IgnitionServiceProvider.php(385): Illuminate\\View\\Engines\\EngineResolver->resolve('blade')
#11 D:\\proyectos\\contacto-amarillo003\\vendor\\facade\\ignition\\src\\IgnitionServiceProvider.php(123): Facade\\Ignition\\IgnitionServiceProvider->hasCustomViewEnginesRegistered()
#12 D:\\proyectos\\contacto-amarillo003\\vendor\\facade\\ignition\\src\\IgnitionServiceProvider.php(82): Facade\\Ignition\\IgnitionServiceProvider->registerViewEngines()
#13 [internal function]: Facade\\Ignition\\IgnitionServiceProvider->boot()
#14 D:\\proyectos\\contacto-amarillo003\\vendor\\laravel\\framework\\src\\Illuminate\\Container\\BoundMethod.php(37): call_user_func_array(Array, Array)
#15 D:\\proyectos\\contacto-amarillo003\\vendor\\laravel\\framework\\src\\Illuminate\\Container\\Util.php(37): Illuminate\\Container\\BoundMethod::Illuminate\\Container\\{closure}()
#16 D:\\proyectos\\contacto-amarillo003\\vendor\\laravel\\framework\\src\\Illuminate\\Container\\BoundMethod.php(95): Illuminate\\Container\\Util::unwrapIfClosure(Object(Closure))
#17 D:\\proyectos\\contacto-amarillo003\\vendor\\laravel\\framework\\src\\Illuminate\\Container\\BoundMethod.php(39): Illuminate\\Container\\BoundMethod::callBoundMethod(Object(Illuminate\\Foundation\\Application), Array, Object(Closure))
#18 D:\\proyectos\\contacto-amarillo003\\vendor\\laravel\\framework\\src\\Illuminate\\Container\\Container.php(596): Illuminate\\Container\\BoundMethod::call(Object(Illuminate\\Foundation\\Application), Array, Array, NULL)
#19 D:\\proyectos\\contacto-amarillo003\\vendor\\laravel\\framework\\src\\Illuminate\\Foundation\\Application.php(867): Illuminate\\Container\\Container->call(Array)
#20 D:\\proyectos\\contacto-amarillo003\\vendor\\laravel\\framework\\src\\Illuminate\\Foundation\\Application.php(850): Illuminate\\Foundation\\Application->bootProvider(Object(Facade\\Ignition\\IgnitionServiceProvider))
#21 [internal function]: Illuminate\\Foundation\\Application->Illuminate\\Foundation\\{closure}(Object(Facade\\Ignition\\IgnitionServiceProvider), 14)
#22 D:\\proyectos\\contacto-amarillo003\\vendor\\laravel\\framework\\src\\Illuminate\\Foundation\\Application.php(851): array_walk(Array, Object(Closure))
#23 D:\\proyectos\\contacto-amarillo003\\vendor\\laravel\\framework\\src\\Illuminate\\Foundation\\Bootstrap\\BootProviders.php(17): Illuminate\\Foundation\\Application->boot()
#24 D:\\proyectos\\contacto-amarillo003\\vendor\\laravel\\framework\\src\\Illuminate\\Foundation\\Application.php(230): Illuminate\\Foundation\\Bootstrap\\BootProviders->bootstrap(Object(Illuminate\\Foundation\\Application))
#25 D:\\proyectos\\contacto-amarillo003\\vendor\\laravel\\framework\\src\\Illuminate\\Foundation\\Console\\Kernel.php(310): Illuminate\\Foundation\\Application->bootstrapWith(Array)
#26 D:\\proyectos\\contacto-amarillo003\\vendor\\laravel\\framework\\src\\Illuminate\\Foundation\\Console\\Kernel.php(127): Illuminate\\Foundation\\Console\\Kernel->bootstrap()
#27 D:\\proyectos\\contacto-amarillo003\\artisan(37): Illuminate\\Foundation\\Console\\Kernel->handle(Object(Symfony\\Component\\Console\\Input\\ArgvInput), Object(Symfony\\Component\\Console\\Output\\ConsoleOutput))
#28 {main}
"}
[2020-09-13 03:06:01] local.ERROR: Please provide a valid cache path. {"exception":"[object] (InvalidArgumentException(code: 0): Please provide a valid cache path. at D:\\proyectos\\contacto-amarillo003\\vendor\\laravel\\framework\\src\\Illuminate\\View\\Compilers\\Compiler.php:36)
[stacktrace]
#0 D:\\proyectos\\contacto-amarillo003\\vendor\\laravel\\framework\\src\\Illuminate\\View\\ViewServiceProvider.php(91): Illuminate\\View\\Compilers\\Compiler->__construct(Object(Illuminate\\Filesystem\\Filesystem), false)
#1 D:\\proyectos\\contacto-amarillo003\\vendor\\laravel\\framework\\src\\Illuminate\\Container\\Container.php(805): Illuminate\\View\\ViewServiceProvider->Illuminate\\View\\{closure}(Object(Illuminate\\Foundation\\Application), Array)
#2 D:\\proyectos\\contacto-amarillo003\\vendor\\laravel\\framework\\src\\Illuminate\\Container\\Container.php(691): Illuminate\\Container\\Container->build(Object(Closure))
#3 D:\\proyectos\\contacto-amarillo003\\vendor\\laravel\\framework\\src\\Illuminate\\Foundation\\Application.php(796): Illuminate\\Container\\Container->resolve('blade.compiler', Array, true)
#4 D:\\proyectos\\contacto-amarillo003\\vendor\\laravel\\framework\\src\\Illuminate\\Container\\Container.php(637): Illuminate\\Foundation\\Application->resolve('blade.compiler', Array)
#5 D:\\proyectos\\contacto-amarillo003\\vendor\\laravel\\framework\\src\\Illuminate\\Foundation\\Application.php(781): Illuminate\\Container\\Container->make('blade.compiler', Array)
#6 D:\\proyectos\\contacto-amarillo003\\vendor\\laravel\\framework\\src\\Illuminate\\Container\\Container.php(1284): Illuminate\\Foundation\\Application->make('blade.compiler')
#7 D:\\proyectos\\contacto-amarillo003\\vendor\\laravel\\framework\\src\\Illuminate\\View\\ViewServiceProvider.php(151): Illuminate\\Container\\Container->offsetGet('blade.compiler')
#8 [internal function]: Illuminate\\View\\ViewServiceProvider->Illuminate\\View\\{closure}()
#9 D:\\proyectos\\contacto-amarillo003\\vendor\\laravel\\framework\\src\\Illuminate\\View\\Engines\\EngineResolver.php(55): call_user_func(Object(Closure))
#10 D:\\proyectos\\contacto-amarillo003\\vendor\\facade\\ignition\\src\\IgnitionServiceProvider.php(385): Illuminate\\View\\Engines\\EngineResolver->resolve('blade')
#11 D:\\proyectos\\contacto-amarillo003\\vendor\\facade\\ignition\\src\\IgnitionServiceProvider.php(123): Facade\\Ignition\\IgnitionServiceProvider->hasCustomViewEnginesRegistered()
#12 D:\\proyectos\\contacto-amarillo003\\vendor\\facade\\ignition\\src\\IgnitionServiceProvider.php(82): Facade\\Ignition\\IgnitionServiceProvider->registerViewEngines()
#13 [internal function]: Facade\\Ignition\\IgnitionServiceProvider->boot()
#14 D:\\proyectos\\contacto-amarillo003\\vendor\\laravel\\framework\\src\\Illuminate\\Container\\BoundMethod.php(37): call_user_func_array(Array, Array)
#15 D:\\proyectos\\contacto-amarillo003\\vendor\\laravel\\framework\\src\\Illuminate\\Container\\Util.php(37): Illuminate\\Container\\BoundMethod::Illuminate\\Container\\{closure}()
#16 D:\\proyectos\\contacto-amarillo003\\vendor\\laravel\\framework\\src\\Illuminate\\Container\\BoundMethod.php(95): Illuminate\\Container\\Util::unwrapIfClosure(Object(Closure))
#17 D:\\proyectos\\contacto-amarillo003\\vendor\\laravel\\framework\\src\\Illuminate\\Container\\BoundMethod.php(39): Illuminate\\Container\\BoundMethod::callBoundMethod(Object(Illuminate\\Foundation\\Application), Array, Object(Closure))
#18 D:\\proyectos\\contacto-amarillo003\\vendor\\laravel\\framework\\src\\Illuminate\\Container\\Container.php(596): Illuminate\\Container\\BoundMethod::call(Object(Illuminate\\Foundation\\Application), Array, Array, NULL)
#19 D:\\proyectos\\contacto-amarillo003\\vendor\\laravel\\framework\\src\\Illuminate\\Foundation\\Application.php(867): Illuminate\\Container\\Container->call(Array)
#20 D:\\proyectos\\contacto-amarillo003\\vendor\\laravel\\framework\\src\\Illuminate\\Foundation\\Application.php(850): Illuminate\\Foundation\\Application->bootProvider(Object(Facade\\Ignition\\IgnitionServiceProvider))
#21 [internal function]: Illuminate\\Foundation\\Application->Illuminate\\Foundation\\{closure}(Object(Facade\\Ignition\\IgnitionServiceProvider), 14)
#22 D:\\proyectos\\contacto-amarillo003\\vendor\\laravel\\framework\\src\\Illuminate\\Foundation\\Application.php(851): array_walk(Array, Object(Closure))
#23 D:\\proyectos\\contacto-amarillo003\\vendor\\laravel\\framework\\src\\Illuminate\\Foundation\\Bootstrap\\BootProviders.php(17): Illuminate\\Foundation\\Application->boot()
#24 D:\\proyectos\\contacto-amarillo003\\vendor\\laravel\\framework\\src\\Illuminate\\Foundation\\Application.php(230): Illuminate\\Foundation\\Bootstrap\\BootProviders->bootstrap(Object(Illuminate\\Foundation\\Application))
#25 D:\\proyectos\\contacto-amarillo003\\vendor\\laravel\\framework\\src\\Illuminate\\Foundation\\Console\\Kernel.php(310): Illuminate\\Foundation\\Application->bootstrapWith(Array)
#26 D:\\proyectos\\contacto-amarillo003\\vendor\\laravel\\framework\\src\\Illuminate\\Foundation\\Console\\Kernel.php(127): Illuminate\\Foundation\\Console\\Kernel->bootstrap()
#27 D:\\proyectos\\contacto-amarillo003\\artisan(37): Illuminate\\Foundation\\Console\\Kernel->handle(Object(Symfony\\Component\\Console\\Input\\ArgvInput), Object(Symfony\\Component\\Console\\Output\\ConsoleOutput))
#28 {main}
"}
[2020-09-13 03:06:03] local.ERROR: Please provide a valid cache path. {"exception":"[object] (InvalidArgumentException(code: 0): Please provide a valid cache path. at D:\\proyectos\\contacto-amarillo003\\vendor\\laravel\\framework\\src\\Illuminate\\View\\Compilers\\Compiler.php:36)
[stacktrace]
#0 D:\\proyectos\\contacto-amarillo003\\vendor\\laravel\\framework\\src\\Illuminate\\View\\ViewServiceProvider.php(91): Illuminate\\View\\Compilers\\Compiler->__construct(Object(Illuminate\\Filesystem\\Filesystem), false)
#1 D:\\proyectos\\contacto-amarillo003\\vendor\\laravel\\framework\\src\\Illuminate\\Container\\Container.php(805): Illuminate\\View\\ViewServiceProvider->Illuminate\\View\\{closure}(Object(Illuminate\\Foundation\\Application), Array)
#2 D:\\proyectos\\contacto-amarillo003\\vendor\\laravel\\framework\\src\\Illuminate\\Container\\Container.php(691): Illuminate\\Container\\Container->build(Object(Closure))
#3 D:\\proyectos\\contacto-amarillo003\\vendor\\laravel\\framework\\src\\Illuminate\\Foundation\\Application.php(796): Illuminate\\Container\\Container->resolve('blade.compiler', Array, true)
#4 D:\\proyectos\\contacto-amarillo003\\vendor\\laravel\\framework\\src\\Illuminate\\Container\\Container.php(637): Illuminate\\Foundation\\Application->resolve('blade.compiler', Array)
#5 D:\\proyectos\\contacto-amarillo003\\vendor\\laravel\\framework\\src\\Illuminate\\Foundation\\Application.php(781): Illuminate\\Container\\Container->make('blade.compiler', Array)
#6 D:\\proyectos\\contacto-amarillo003\\vendor\\laravel\\framework\\src\\Illuminate\\Container\\Container.php(1284): Illuminate\\Foundation\\Application->make('blade.compiler')
#7 D:\\proyectos\\contacto-amarillo003\\vendor\\laravel\\framework\\src\\Illuminate\\View\\ViewServiceProvider.php(151): Illuminate\\Container\\Container->offsetGet('blade.compiler')
#8 [internal function]: Illuminate\\View\\ViewServiceProvider->Illuminate\\View\\{closure}()
#9 D:\\proyectos\\contacto-amarillo003\\vendor\\laravel\\framework\\src\\Illuminate\\View\\Engines\\EngineResolver.php(55): call_user_func(Object(Closure))
#10 D:\\proyectos\\contacto-amarillo003\\vendor\\facade\\ignition\\src\\IgnitionServiceProvider.php(385): Illuminate\\View\\Engines\\EngineResolver->resolve('blade')
#11 D:\\proyectos\\contacto-amarillo003\\vendor\\facade\\ignition\\src\\IgnitionServiceProvider.php(123): Facade\\Ignition\\IgnitionServiceProvider->hasCustomViewEnginesRegistered()
#12 D:\\proyectos\\contacto-amarillo003\\vendor\\facade\\ignition\\src\\IgnitionServiceProvider.php(82): Facade\\Ignition\\IgnitionServiceProvider->registerViewEngines()
#13 [internal function]: Facade\\Ignition\\IgnitionServiceProvider->boot()
#14 D:\\proyectos\\contacto-amarillo003\\vendor\\laravel\\framework\\src\\Illuminate\\Container\\BoundMethod.php(37): call_user_func_array(Array, Array)
#15 D:\\proyectos\\contacto-amarillo003\\vendor\\laravel\\framework\\src\\Illuminate\\Container\\Util.php(37): Illuminate\\Container\\BoundMethod::Illuminate\\Container\\{closure}()
#16 D:\\proyectos\\contacto-amarillo003\\vendor\\laravel\\framework\\src\\Illuminate\\Container\\BoundMethod.php(95): Illuminate\\Container\\Util::unwrapIfClosure(Object(Closure))
#17 D:\\proyectos\\contacto-amarillo003\\vendor\\laravel\\framework\\src\\Illuminate\\Container\\BoundMethod.php(39): Illuminate\\Container\\BoundMethod::callBoundMethod(Object(Illuminate\\Foundation\\Application), Array, Object(Closure))
#18 D:\\proyectos\\contacto-amarillo003\\vendor\\laravel\\framework\\src\\Illuminate\\Container\\Container.php(596): Illuminate\\Container\\BoundMethod::call(Object(Illuminate\\Foundation\\Application), Array, Array, NULL)
#19 D:\\proyectos\\contacto-amarillo003\\vendor\\laravel\\framework\\src\\Illuminate\\Foundation\\Application.php(867): Illuminate\\Container\\Container->call(Array)
#20 D:\\proyectos\\contacto-amarillo003\\vendor\\laravel\\framework\\src\\Illuminate\\Foundation\\Application.php(850): Illuminate\\Foundation\\Application->bootProvider(Object(Facade\\Ignition\\IgnitionServiceProvider))
#21 [internal function]: Illuminate\\Foundation\\Application->Illuminate\\Foundation\\{closure}(Object(Facade\\Ignition\\IgnitionServiceProvider), 14)
#22 D:\\proyectos\\contacto-amarillo003\\vendor\\laravel\\framework\\src\\Illuminate\\Foundation\\Application.php(851): array_walk(Array, Object(Closure))
#23 D:\\proyectos\\contacto-amarillo003\\vendor\\laravel\\framework\\src\\Illuminate\\Foundation\\Bootstrap\\BootProviders.php(17): Illuminate\\Foundation\\Application->boot()
#24 D:\\proyectos\\contacto-amarillo003\\vendor\\laravel\\framework\\src\\Illuminate\\Foundation\\Application.php(230): Illuminate\\Foundation\\Bootstrap\\BootProviders->bootstrap(Object(Illuminate\\Foundation\\Application))
#25 D:\\proyectos\\contacto-amarillo003\\vendor\\laravel\\framework\\src\\Illuminate\\Foundation\\Console\\Kernel.php(310): Illuminate\\Foundation\\Application->bootstrapWith(Array)
#26 D:\\proyectos\\contacto-amarillo003\\vendor\\laravel\\framework\\src\\Illuminate\\Foundation\\Console\\Kernel.php(127): Illuminate\\Foundation\\Console\\Kernel->bootstrap()
#27 D:\\proyectos\\contacto-amarillo003\\artisan(37): Illuminate\\Foundation\\Console\\Kernel->handle(Object(Symfony\\Component\\Console\\Input\\ArgvInput), Object(Symfony\\Component\\Console\\Output\\ConsoleOutput))
#28 {main}
"}
[2020-09-13 03:16:46] local.DEBUG: En el mount del expert  
[2020-09-13 03:16:46] local.DEBUG: usuario  
[2020-09-13 03:16:46] local.ERROR: Trying to get property 'usable' of non-object (View: D:\proyectos\contacto-amarillo003\resources\views\experts\profile.blade.php) {"exception":"[object] (ErrorException(code: 0): Trying to get property 'usable' of non-object (View: D:\\proyectos\\contacto-amarillo003\esources\\views\\experts\\profile.blade.php) at D:\\proyectos\\contacto-amarillo003\\app\\Http\\Livewire\\ExpertProfile.php:55)
[stacktrace]
#0 D:\\proyectos\\contacto-amarillo003\\vendor\\livewire\\livewire\\src\\CompilerEngine.php(41): Illuminate\\View\\Engines\\CompilerEngine->handleViewException(Object(ErrorException), 1)
#1 D:\\proyectos\\contacto-amarillo003\\vendor\\laravel\\framework\\src\\Illuminate\\View\\Engines\\PhpEngine.php(43): Livewire\\CompilerEngine->handleViewException(Object(ErrorException), 1)
#2 D:\\proyectos\\contacto-amarillo003\\vendor\\livewire\\livewire\\src\\LivewireViewCompilerEngine.php(36): Illuminate\\View\\Engines\\PhpEngine->evaluatePath('D:\\\\proyectos\\\\co...', Array)
#3 D:\\proyectos\\contacto-amarillo003\\vendor\\laravel\\framework\\src\\Illuminate\\View\\Engines\\CompilerEngine.php(57): Livewire\\LivewireViewCompilerEngine->evaluatePath('D:\\\\proyectos\\\\co...', Array)
#4 D:\\proyectos\\contacto-amarillo003\\vendor\\laravel\\framework\\src\\Illuminate\\View\\View.php(139): Illuminate\\View\\Engines\\CompilerEngine->get('D:\\\\proyectos\\\\co...', Array)
#5 D:\\proyectos\\contacto-amarillo003\\vendor\\laravel\\framework\\src\\Illuminate\\View\\View.php(122): Illuminate\\View\\View->getContents()
#6 D:\\proyectos\\contacto-amarillo003\\vendor\\laravel\\framework\\src\\Illuminate\\View\\View.php(91): Illuminate\\View\\View->renderContents()
#7 D:\\proyectos\\contacto-amarillo003\\vendor\\laravel\\framework\\src\\Illuminate\\Http\\Response.php(62): Illuminate\\View\\View->render()
#8 D:\\proyectos\\contacto-amarillo003\\vendor\\laravel\\framework\\src\\Illuminate\\Http\\Response.php(34): Illuminate\\Http\\Response->setContent(Object(Illuminate\\View\\View))
#9 D:\\proyectos\\contacto-amarillo003\\vendor\\laravel\\framework\\src\\Illuminate\\Routing\\Router.php(759): Illuminate\\Http\\Response->__construct(Object(Illuminate\\View\\View), 200, Array)
#10 D:\\proyectos\\contacto-amarillo003\\vendor\\laravel\\framework\\src\\Illuminate\\Routing\\Router.php(731): Illuminate\\Routing\\Router::toResponse(Object(Illuminate\\Http\\Request), Object(Illuminate\\View\\View))
#11 D:\\proyectos\\contacto-amarillo003\\vendor\\laravel\\framework\\src\\Illuminate\\Routing\\Router.php(685): Illuminate\\Routing\\Router->prepareResponse(Object(Illuminate\\Http\\Request), Object(Illuminate\\View\\View))
#12 D:\\proyectos\\contacto-amarillo003\\vendor\\laravel\\framework\\src\\Illuminate\\Pipeline\\Pipeline.php(128): Illuminate\\Routing\\Router->Illuminate\\Routing\\{closure}(Object(Illuminate\\Http\\Request))
#13 D:\\proyectos\\contacto-amarillo003\\vendor\\laravel\\framework\\src\\Illuminate\\Routing\\Middleware\\SubstituteBindings.php(41): Illuminate\\Pipeline\\Pipeline->Illuminate\\Pipeline\\{closure}(Object(Illuminate\\Http\\Request))
#14 D:\\proyectos\\contacto-amarillo003\\vendor\\laravel\\framework\\src\\Illuminate\\Pipeline\\Pipeline.php(167): Illuminate\\Routing\\Middleware\\SubstituteBindings->handle(Object(Illuminate\\Http\\Request), Object(Closure))
#15 D:\\proyectos\\contacto-amarillo003\\vendor\\laravel\\framework\\src\\Illuminate\\Foundation\\Http\\Middleware\\VerifyCsrfToken.php(77): Illuminate\\Pipeline\\Pipeline->Illuminate\\Pipeline\\{closure}(Object(Illuminate\\Http\\Request))
#16 D:\\proyectos\\contacto-amarillo003\\vendor\\laravel\\framework\\src\\Illuminate\\Pipeline\\Pipeline.php(167): Illuminate\\Foundation\\Http\\Middleware\\VerifyCsrfToken->handle(Object(Illuminate\\Http\\Request), Object(Closure))
#17 D:\\proyectos\\contacto-amarillo003\\vendor\\laravel\\framework\\src\\Illuminate\\View\\Middleware\\ShareErrorsFromSession.php(49): Illuminate\\Pipeline\\Pipeline->Illuminate\\Pipeline\\{closure}(Object(Illuminate\\Http\\Request))
#18 D:\\proyectos\\contacto-amarillo003\\vendor\\laravel\\framework\\src\\Illuminate\\Pipeline\\Pipeline.php(167): Illuminate\\View\\Middleware\\ShareErrorsFromSession->handle(Object(Illuminate\\Http\\Request), Object(Closure))
#19 D:\\proyectos\\contacto-amarillo003\\vendor\\laravel\\framework\\src\\Illuminate\\Session\\Middleware\\StartSession.php(116): Illuminate\\Pipeline\\Pipeline->Illuminate\\Pipeline\\{closure}(Object(Illuminate\\Http\\Request))
#20 D:\\proyectos\\contacto-amarillo003\\vendor\\laravel\\framework\\src\\Illuminate\\Session\\Middleware\\StartSession.php(62): Illuminate\\Session\\Middleware\\StartSession->handleStatefulRequest(Object(Illuminate\\Http\\Request), Object(Illuminate\\Session\\Store), Object(Closure))
#21 D:\\proyectos\\contacto-amarillo003\\vendor\\laravel\\framework\\src\\Illuminate\\Pipeline\\Pipeline.php(167): Illuminate\\Session\\Middleware\\StartSession->handle(Object(Illuminate\\Http\\Request), Object(Closure))
#22 D:\\proyectos\\contacto-amarillo003\\vendor\\laravel\\framework\\src\\Illuminate\\Cookie\\Middleware\\AddQueuedCookiesToResponse.php(37): Illuminate\\Pipeline\\Pipeline->Illuminate\\Pipeline\\{closure}(Object(Illuminate\\Http\\Request))
#23 D:\\proyectos\\contacto-amarillo003\\vendor\\laravel\\framework\\src\\Illuminate\\Pipeline\\Pipeline.php(167): Illuminate\\Cookie\\Middleware\\AddQueuedCookiesToResponse->handle(Object(Illuminate\\Http\\Request), Object(Closure))
#24 D:\\proyectos\\contacto-amarillo003\\vendor\\laravel\\framework\\src\\Illuminate\\Cookie\\Middleware\\EncryptCookies.php(67): Illuminate\\Pipeline\\Pipeline->Illuminate\\Pipeline\\{closure}(Object(Illuminate\\Http\\Request))
#25 D:\\proyectos\\contacto-amarillo003\\vendor\\laravel\\framework\\src\\Illuminate\\Pipeline\\Pipeline.php(167): Illuminate\\Cookie\\Middleware\\EncryptCookies->handle(Object(Illuminate\\Http\\Request), Object(Closure))
#26 D:\\proyectos\\contacto-amarillo003\\vendor\\laravel\\framework\\src\\Illuminate\\Pipeline\\Pipeline.php(103): Illuminate\\Pipeline\\Pipeline->Illuminate\\Pipeline\\{closure}(Object(Illuminate\\Http\\Request))
#27 D:\\proyectos\\contacto-amarillo003\\vendor\\laravel\\framework\\src\\Illuminate\\Routing\\Router.php(687): Illuminate\\Pipeline\\Pipeline->then(Object(Closure))
#28 D:\\proyectos\\contacto-amarillo003\\vendor\\laravel\\framework\\src\\Illuminate\\Routing\\Router.php(662): Illuminate\\Routing\\Router->runRouteWithinStack(Object(Illuminate\\Routing\\Route), Object(Illuminate\\Http\\Request))
#29 D:\\proyectos\\contacto-amarillo003\\vendor\\laravel\\framework\\src\\Illuminate\\Routing\\Router.php(628): Illuminate\\Routing\\Router->runRoute(Object(Illuminate\\Http\\Request), Object(Illuminate\\Routing\\Route))
#30 D:\\proyectos\\contacto-amarillo003\\vendor\\laravel\\framework\\src\\Illuminate\\Routing\\Router.php(617): Illuminate\\Routing\\Router->dispatchToRoute(Object(Illuminate\\Http\\Request))
#31 D:\\proyectos\\contacto-amarillo003\\vendor\\laravel\\framework\\src\\Illuminate\\Foundation\\Http\\Kernel.php(165): Illuminate\\Routing\\Router->dispatch(Object(Illuminate\\Http\\Request))
#32 D:\\proyectos\\contacto-amarillo003\\vendor\\laravel\\framework\\src\\Illuminate\\Pipeline\\Pipeline.php(128): Illuminate\\Foundation\\Http\\Kernel->Illuminate\\Foundation\\Http\\{closure}(Object(Illuminate\\Http\\Request))
#33 D:\\proyectos\\contacto-amarillo003\\vendor\\laravel\\framework\\src\\Illuminate\\Foundation\\Http\\Middleware\\TransformsRequest.php(21): Illuminate\\Pipeline\\Pipeline->Illuminate\\Pipeline\\{closure}(Object(Illuminate\\Http\\Request))
#34 D:\\proyectos\\contacto-amarillo003\\vendor\\laravel\\framework\\src\\Illuminate\\Pipeline\\Pipeline.php(167): Illuminate\\Foundation\\Http\\Middleware\\TransformsRequest->handle(Object(Illuminate\\Http\\Request), Object(Closure))
#35 D:\\proyectos\\contacto-amarillo003\\vendor\\laravel\\framework\\src\\Illuminate\\Foundation\\Http\\Middleware\\TransformsRequest.php(21): Illuminate\\Pipeline\\Pipeline->Illuminate\\Pipeline\\{closure}(Object(Illuminate\\Http\\Request))
#36 D:\\proyectos\\contacto-amarillo003\\vendor\\laravel\\framework\\src\\Illuminate\\Pipeline\\Pipeline.php(167): Illuminate\\Foundation\\Http\\Middleware\\TransformsRequest->handle(Object(Illuminate\\Http\\Request), Object(Closure))
#37 D:\\proyectos\\contacto-amarillo003\\vendor\\laravel\\framework\\src\\Illuminate\\Foundation\\Http\\Middleware\\ValidatePostSize.php(27): Illuminate\\Pipeline\\Pipeline->Illuminate\\Pipeline\\{closure}(Object(Illuminate\\Http\\Request))
#38 D:\\proyectos\\contacto-amarillo003\\vendor\\laravel\\framework\\src\\Illuminate\\Pipeline\\Pipeline.php(167): Illuminate\\Foundation\\Http\\Middleware\\ValidatePostSize->handle(Object(Illuminate\\Http\\Request), Object(Closure))
#39 D:\\proyectos\\contacto-amarillo003\\vendor\\laravel\\framework\\src\\Illuminate\\Foundation\\Http\\Middleware\\CheckForMaintenanceMode.php(63): Illuminate\\Pipeline\\Pipeline->Illuminate\\Pipeline\\{closure}(Object(Illuminate\\Http\\Request))
#40 D:\\proyectos\\contacto-amarillo003\\vendor\\laravel\\framework\\src\\Illuminate\\Pipeline\\Pipeline.php(167): Illuminate\\Foundation\\Http\\Middleware\\CheckForMaintenanceMode->handle(Object(Illuminate\\Http\\Request), Object(Closure))
#41 D:\\proyectos\\contacto-amarillo003\\vendor\\fruitcake\\laravel-cors\\src\\HandleCors.php(37): Illuminate\\Pipeline\\Pipeline->Illuminate\\Pipeline\\{closure}(Object(Illuminate\\Http\\Request))
#42 D:\\proyectos\\contacto-amarillo003\\vendor\\laravel\\framework\\src\\Illuminate\\Pipeline\\Pipeline.php(167): Fruitcake\\Cors\\HandleCors->handle(Object(Illuminate\\Http\\Request), Object(Closure))
#43 D:\\proyectos\\contacto-amarillo003\\vendor\\fideloper\\proxy\\src\\TrustProxies.php(57): Illuminate\\Pipeline\\Pipeline->Illuminate\\Pipeline\\{closure}(Object(Illuminate\\Http\\Request))
#44 D:\\proyectos\\contacto-amarillo003\\vendor\\laravel\\framework\\src\\Illuminate\\Pipeline\\Pipeline.php(167): Fideloper\\Proxy\\TrustProxies->handle(Object(Illuminate\\Http\\Request), Object(Closure))
#45 D:\\proyectos\\contacto-amarillo003\\vendor\\laravel\\framework\\src\\Illuminate\\Pipeline\\Pipeline.php(103): Illuminate\\Pipeline\\Pipeline->Illuminate\\Pipeline\\{closure}(Object(Illuminate\\Http\\Request))
#46 D:\\proyectos\\contacto-amarillo003\\vendor\\laravel\\framework\\src\\Illuminate\\Foundation\\Http\\Kernel.php(140): Illuminate\\Pipeline\\Pipeline->then(Object(Closure))
#47 D:\\proyectos\\contacto-amarillo003\\vendor\\laravel\\framework\\src\\Illuminate\\Foundation\\Http\\Kernel.php(109): Illuminate\\Foundation\\Http\\Kernel->sendRequestThroughRouter(Object(Illuminate\\Http\\Request))
#48 D:\\proyectos\\contacto-amarillo003\\public\\index.php(55): Illuminate\\Foundation\\Http\\Kernel->handle(Object(Illuminate\\Http\\Request))
#49 D:\\proyectos\\contacto-amarillo003\\server.php(21): require_once('D:\\\\proyectos\\\\co...')
#50 {main}

[previous exception] [object] (ErrorException(code: 0): Trying to get property 'usable' of non-object at D:\\proyectos\\contacto-amarillo003\\app\\Http\\Livewire\\ExpertProfile.php:55)
[stacktrace]
#0 D:\\proyectos\\contacto-amarillo003\\app\\Http\\Livewire\\ExpertProfile.php(55): Illuminate\\Foundation\\Bootstrap\\HandleExceptions->handleError(8, 'Trying to get p...', 'D:\\\\proyectos\\\\co...', 55, Array)
#1 D:\\proyectos\\contacto-amarillo003\\vendor\\livewire\\livewire\\src\\LivewireManager.php(111): App\\Http\\Livewire\\ExpertProfile->mount()
#2 D:\\proyectos\\contacto-amarillo003\\vendor\\laravel\\framework\\src\\Illuminate\\Support\\Facades\\Facade.php(261): Livewire\\LivewireManager->mount('expert-profile', Array)
#3 D:\\proyectos\\contacto-amarillo003\\storage\\framework\\views\\197b195a45a523981b29948dce83a50ce8a8ed3f.php(4): Illuminate\\Support\\Facades\\Facade::__callStatic('mount', Array)
#4 D:\\proyectos\\contacto-amarillo003\\vendor\\laravel\\framework\\src\\Illuminate\\View\\Engines\\PhpEngine.php(41): include('D:\\\\proyectos\\\\co...')
#5 D:\\proyectos\\contacto-amarillo003\\vendor\\livewire\\livewire\\src\\LivewireViewCompilerEngine.php(36): Illuminate\\View\\Engines\\PhpEngine->evaluatePath('D:\\\\proyectos\\\\co...', Array)
#6 D:\\proyectos\\contacto-amarillo003\\vendor\\laravel\\framework\\src\\Illuminate\\View\\Engines\\CompilerEngine.php(57): Livewire\\LivewireViewCompilerEngine->evaluatePath('D:\\\\proyectos\\\\co...', Array)
#7 D:\\proyectos\\contacto-amarillo003\\vendor\\laravel\\framework\\src\\Illuminate\\View\\View.php(139): Illuminate\\View\\Engines\\CompilerEngine->get('D:\\\\proyectos\\\\co...', Array)
#8 D:\\proyectos\\contacto-amarillo003\\vendor\\laravel\\framework\\src\\Illuminate\\View\\View.php(122): Illuminate\\View\\View->getContents()
#9 D:\\proyectos\\contacto-amarillo003\\vendor\\laravel\\framework\\src\\Illuminate\\View\\View.php(91): Illuminate\\View\\View->renderContents()
#10 D:\\proyectos\\contacto-amarillo003\\vendor\\laravel\\framework\\src\\Illuminate\\Http\\Response.php(62): Illuminate\\View\\View->render()
#11 D:\\proyectos\\contacto-amarillo003\\vendor\\laravel\\framework\\src\\Illuminate\\Http\\Response.php(34): Illuminate\\Http\\Response->setContent(Object(Illuminate\\View\\View))
#12 D:\\proyectos\\contacto-amarillo003\\vendor\\laravel\\framework\\src\\Illuminate\\Routing\\Router.php(759): Illuminate\\Http\\Response->__construct(Object(Illuminate\\View\\View), 200, Array)
#13 D:\\proyectos\\contacto-amarillo003\\vendor\\laravel\\framework\\src\\Illuminate\\Routing\\Router.php(731): Illuminate\\Routing\\Router::toResponse(Object(Illuminate\\Http\\Request), Object(Illuminate\\View\\View))
#14 D:\\proyectos\\contacto-amarillo003\\vendor\\laravel\\framework\\src\\Illuminate\\Routing\\Router.php(685): Illuminate\\Routing\\Router->prepareResponse(Object(Illuminate\\Http\\Request), Object(Illuminate\\View\\View))
#15 D:\\proyectos\\contacto-amarillo003\\vendor\\laravel\\framework\\src\\Illuminate\\Pipeline\\Pipeline.php(128): Illuminate\\Routing\\Router->Illuminate\\Routing\\{closure}(Object(Illuminate\\Http\\Request))
#16 D:\\proyectos\\contacto-amarillo003\\vendor\\laravel\\framework\\src\\Illuminate\\Routing\\Middleware\\SubstituteBindings.php(41): Illuminate\\Pipeline\\Pipeline->Illuminate\\Pipeline\\{closure}(Object(Illuminate\\Http\\Request))
#17 D:\\proyectos\\contacto-amarillo003\\vendor\\laravel\\framework\\src\\Illuminate\\Pipeline\\Pipeline.php(167): Illuminate\\Routing\\Middleware\\SubstituteBindings->handle(Object(Illuminate\\Http\\Request), Object(Closure))
#18 D:\\proyectos\\contacto-amarillo003\\vendor\\laravel\\framework\\src\\Illuminate\\Foundation\\Http\\Middleware\\VerifyCsrfToken.php(77): Illuminate\\Pipeline\\Pipeline->Illuminate\\Pipeline\\{closure}(Object(Illuminate\\Http\\Request))
#19 D:\\proyectos\\contacto-amarillo003\\vendor\\laravel\\framework\\src\\Illuminate\\Pipeline\\Pipeline.php(167): Illuminate\\Foundation\\Http\\Middleware\\VerifyCsrfToken->handle(Object(Illuminate\\Http\\Request), Object(Closure))
#20 D:\\proyectos\\contacto-amarillo003\\vendor\\laravel\\framework\\src\\Illuminate\\View\\Middleware\\ShareErrorsFromSession.php(49): Illuminate\\Pipeline\\Pipeline->Illuminate\\Pipeline\\{closure}(Object(Illuminate\\Http\\Request))
#21 D:\\proyectos\\contacto-amarillo003\\vendor\\laravel\\framework\\src\\Illuminate\\Pipeline\\Pipeline.php(167): Illuminate\\View\\Middleware\\ShareErrorsFromSession->handle(Object(Illuminate\\Http\\Request), Object(Closure))
#22 D:\\proyectos\\contacto-amarillo003\\vendor\\laravel\\framework\\src\\Illuminate\\Session\\Middleware\\StartSession.php(116): Illuminate\\Pipeline\\Pipeline->Illuminate\\Pipeline\\{closure}(Object(Illuminate\\Http\\Request))
#23 D:\\proyectos\\contacto-amarillo003\\vendor\\laravel\\framework\\src\\Illuminate\\Session\\Middleware\\StartSession.php(62): Illuminate\\Session\\Middleware\\StartSession->handleStatefulRequest(Object(Illuminate\\Http\\Request), Object(Illuminate\\Session\\Store), Object(Closure))
#24 D:\\proyectos\\contacto-amarillo003\\vendor\\laravel\\framework\\src\\Illuminate\\Pipeline\\Pipeline.php(167): Illuminate\\Session\\Middleware\\StartSession->handle(Object(Illuminate\\Http\\Request), Object(Closure))
#25 D:\\proyectos\\contacto-amarillo003\\vendor\\laravel\\framework\\src\\Illuminate\\Cookie\\Middleware\\AddQueuedCookiesToResponse.php(37): Illuminate\\Pipeline\\Pipeline->Illuminate\\Pipeline\\{closure}(Object(Illuminate\\Http\\Request))
#26 D:\\proyectos\\contacto-amarillo003\\vendor\\laravel\\framework\\src\\Illuminate\\Pipeline\\Pipeline.php(167): Illuminate\\Cookie\\Middleware\\AddQueuedCookiesToResponse->handle(Object(Illuminate\\Http\\Request), Object(Closure))
#27 D:\\proyectos\\contacto-amarillo003\\vendor\\laravel\\framework\\src\\Illuminate\\Cookie\\Middleware\\EncryptCookies.php(67): Illuminate\\Pipeline\\Pipeline->Illuminate\\Pipeline\\{closure}(Object(Illuminate\\Http\\Request))
#28 D:\\proyectos\\contacto-amarillo003\\vendor\\laravel\\framework\\src\\Illuminate\\Pipeline\\Pipeline.php(167): Illuminate\\Cookie\\Middleware\\EncryptCookies->handle(Object(Illuminate\\Http\\Request), Object(Closure))
#29 D:\\proyectos\\contacto-amarillo003\\vendor\\laravel\\framework\\src\\Illuminate\\Pipeline\\Pipeline.php(103): Illuminate\\Pipeline\\Pipeline->Illuminate\\Pipeline\\{closure}(Object(Illuminate\\Http\\Request))
#30 D:\\proyectos\\contacto-amarillo003\\vendor\\laravel\\framework\\src\\Illuminate\\Routing\\Router.php(687): Illuminate\\Pipeline\\Pipeline->then(Object(Closure))
#31 D:\\proyectos\\contacto-amarillo003\\vendor\\laravel\\framework\\src\\Illuminate\\Routing\\Router.php(662): Illuminate\\Routing\\Router->runRouteWithinStack(Object(Illuminate\\Routing\\Route), Object(Illuminate\\Http\\Request))
#32 D:\\proyectos\\contacto-amarillo003\\vendor\\laravel\\framework\\src\\Illuminate\\Routing\\Router.php(628): Illuminate\\Routing\\Router->runRoute(Object(Illuminate\\Http\\Request), Object(Illuminate\\Routing\\Route))
#33 D:\\proyectos\\contacto-amarillo003\\vendor\\laravel\\framework\\src\\Illuminate\\Routing\\Router.php(617): Illuminate\\Routing\\Router->dispatchToRoute(Object(Illuminate\\Http\\Request))
#34 D:\\proyectos\\contacto-amarillo003\\vendor\\laravel\\framework\\src\\Illuminate\\Foundation\\Http\\Kernel.php(165): Illuminate\\Routing\\Router->dispatch(Object(Illuminate\\Http\\Request))
#35 D:\\proyectos\\contacto-amarillo003\\vendor\\laravel\\framework\\src\\Illuminate\\Pipeline\\Pipeline.php(128): Illuminate\\Foundation\\Http\\Kernel->Illuminate\\Foundation\\Http\\{closure}(Object(Illuminate\\Http\\Request))
#36 D:\\proyectos\\contacto-amarillo003\\vendor\\laravel\\framework\\src\\Illuminate\\Foundation\\Http\\Middleware\\TransformsRequest.php(21): Illuminate\\Pipeline\\Pipeline->Illuminate\\Pipeline\\{closure}(Object(Illuminate\\Http\\Request))
#37 D:\\proyectos\\contacto-amarillo003\\vendor\\laravel\\framework\\src\\Illuminate\\Pipeline\\Pipeline.php(167): Illuminate\\Foundation\\Http\\Middleware\\TransformsRequest->handle(Object(Illuminate\\Http\\Request), Object(Closure))
#38 D:\\proyectos\\contacto-amarillo003\\vendor\\laravel\\framework\\src\\Illuminate\\Foundation\\Http\\Middleware\\TransformsRequest.php(21): Illuminate\\Pipeline\\Pipeline->Illuminate\\Pipeline\\{closure}(Object(Illuminate\\Http\\Request))
#39 D:\\proyectos\\contacto-amarillo003\\vendor\\laravel\\framework\\src\\Illuminate\\Pipeline\\Pipeline.php(167): Illuminate\\Foundation\\Http\\Middleware\\TransformsRequest->handle(Object(Illuminate\\Http\\Request), Object(Closure))
#40 D:\\proyectos\\contacto-amarillo003\\vendor\\laravel\\framework\\src\\Illuminate\\Foundation\\Http\\Middleware\\ValidatePostSize.php(27): Illuminate\\Pipeline\\Pipeline->Illuminate\\Pipeline\\{closure}(Object(Illuminate\\Http\\Request))
#41 D:\\proyectos\\contacto-amarillo003\\vendor\\laravel\\framework\\src\\Illuminate\\Pipeline\\Pipeline.php(167): Illuminate\\Foundation\\Http\\Middleware\\ValidatePostSize->handle(Object(Illuminate\\Http\\Request), Object(Closure))
#42 D:\\proyectos\\contacto-amarillo003\\vendor\\laravel\\framework\\src\\Illuminate\\Foundation\\Http\\Middleware\\CheckForMaintenanceMode.php(63): Illuminate\\Pipeline\\Pipeline->Illuminate\\Pipeline\\{closure}(Object(Illuminate\\Http\\Request))
#43 D:\\proyectos\\contacto-amarillo003\\vendor\\laravel\\framework\\src\\Illuminate\\Pipeline\\Pipeline.php(167): Illuminate\\Foundation\\Http\\Middleware\\CheckForMaintenanceMode->handle(Object(Illuminate\\Http\\Request), Object(Closure))
#44 D:\\proyectos\\contacto-amarillo003\\vendor\\fruitcake\\laravel-cors\\src\\HandleCors.php(37): Illuminate\\Pipeline\\Pipeline->Illuminate\\Pipeline\\{closure}(Object(Illuminate\\Http\\Request))
#45 D:\\proyectos\\contacto-amarillo003\\vendor\\laravel\\framework\\src\\Illuminate\\Pipeline\\Pipeline.php(167): Fruitcake\\Cors\\HandleCors->handle(Object(Illuminate\\Http\\Request), Object(Closure))
#46 D:\\proyectos\\contacto-amarillo003\\vendor\\fideloper\\proxy\\src\\TrustProxies.php(57): Illuminate\\Pipeline\\Pipeline->Illuminate\\Pipeline\\{closure}(Object(Illuminate\\Http\\Request))
#47 D:\\proyectos\\contacto-amarillo003\\vendor\\laravel\\framework\\src\\Illuminate\\Pipeline\\Pipeline.php(167): Fideloper\\Proxy\\TrustProxies->handle(Object(Illuminate\\Http\\Request), Object(Closure))
#48 D:\\proyectos\\contacto-amarillo003\\vendor\\laravel\\framework\\src\\Illuminate\\Pipeline\\Pipeline.php(103): Illuminate\\Pipeline\\Pipeline->Illuminate\\Pipeline\\{closure}(Object(Illuminate\\Http\\Request))
#49 D:\\proyectos\\contacto-amarillo003\\vendor\\laravel\\framework\\src\\Illuminate\\Foundation\\Http\\Kernel.php(140): Illuminate\\Pipeline\\Pipeline->then(Object(Closure))
#50 D:\\proyectos\\contacto-amarillo003\\vendor\\laravel\\framework\\src\\Illuminate\\Foundation\\Http\\Kernel.php(109): Illuminate\\Foundation\\Http\\Kernel->sendRequestThroughRouter(Object(Illuminate\\Http\\Request))
#51 D:\\proyectos\\contacto-amarillo003\\public\\index.php(55): Illuminate\\Foundation\\Http\\Kernel->handle(Object(Illuminate\\Http\\Request))
#52 D:\\proyectos\\contacto-amarillo003\\server.php(21): require_once('D:\\\\proyectos\\\\co...')
#53 {main}
"} 
[2020-09-13 03:17:01] local.DEBUG: en el redirect  
[2020-09-13 03:17:08] local.DEBUG: 2  
[2020-09-13 03:17:08] local.DEBUG: en expert  
[2020-09-13 03:17:12] local.DEBUG: En el mount del expert  
[2020-09-13 03:17:12] local.DEBUG: usuario  
[2020-09-13 03:17:12] local.DEBUG: {"id":1,"name":"Arturo Rodriguez","email":"arturo.itiguala@gmail.com","email_verified_at":null,"type":"2","usable_type":"App\\Expert","usable_id":1,"created_at":"2020-09-12T14:15:44.000000Z","updated_at":"2020-09-12T14:15:44.000000Z","terminacion_estudios":null,"sigue_estudiando":null}  
[2020-09-13 03:17:12] local.DEBUG: Experto  
[2020-09-13 03:17:12] local.DEBUG: {"id":1,"nombre":"Arturo Rodriguez","telefono":"7471197393","profesion":"Ingeniero en Sistemas Computacionales","especialidad":"Telem\u00e1tica","cedula":null,"ciudad":"Iguala","estado":"Gro","facebook":"https:\/\/www.facebook.com\/profile.php?id=100054702115437","instagram":"https:\/\/www.facebook.com\/profile.php?id=100054702115437","twitter":"https:\/\/www.facebook.com\/profile.php?id=100054702115437","habilidades":"Egresado del Tecnol\u00f3gico de Zacatepec, especialista en redes de computadoras. Instalaci\u00f3n de cableado estructurado y de troncales de fibra \u00f3ptica. Capacidad para fusionar fibra y localizar da\u00f1os. Se adaptarme a proyecto de cualquier tama\u00f1o y trabajo en equipo.","created_at":"2020-09-12T14:15:44.000000Z","updated_at":"2020-09-13T03:03:10.000000Z","email":"arturo.itiguala@gmail.com","url_image":"fotos\/fotos\/20BruO2yOdquZSQDyg4ngzAbbKIWpU4D4vNSrfci.jpeg"}  
[2020-09-13 03:17:12] local.DEBUG: tags  
[2020-09-13 03:17:12] local.DEBUG: [{"id":1,"name":"redes","created_at":"2020-09-12T15:57:25.000000Z","updated_at":"2020-09-12T15:57:25.000000Z","pivot":{"expert_id":1,"tag_id":1,"created_at":"2020-09-12T15:57:25.000000Z","updated_at":"2020-09-12T15:57:25.000000Z"}},{"id":2,"name":"fibra \u00f3ptica","created_at":"2020-09-12T15:57:25.000000Z","updated_at":"2020-09-12T15:57:25.000000Z","pivot":{"expert_id":1,"tag_id":2,"created_at":"2020-09-12T15:57:25.000000Z","updated_at":"2020-09-12T15:57:25.000000Z"}},{"id":3,"name":"programacion","created_at":"2020-09-12T15:57:25.000000Z","updated_at":"2020-09-12T15:57:25.000000Z","pivot":{"expert_id":1,"tag_id":3,"created_at":"2020-09-12T15:57:25.000000Z","updated_at":"2020-09-12T15:57:25.000000Z"}},{"id":4,"name":"dise\u00f1o","created_at":"2020-09-12T15:57:25.000000Z","updated_at":"2020-09-12T15:57:25.000000Z","pivot":{"expert_id":1,"tag_id":4,"created_at":"2020-09-12T15:57:25.000000Z","updated_at":"2020-09-12T15:57:25.000000Z"}}]  
[2020-09-13 03:17:12] local.DEBUG: ha sido actualizado  
[2020-09-13 03:17:12] local.DEBUG: quero sacar la foto de::::   
[2020-09-13 03:17:12] local.DEBUG: fotos/fotos/20BruO2yOdquZSQDyg4ngzAbbKIWpU4D4vNSrfci.jpeg  
[2020-09-13 03:17:12] local.DEBUG: {"id":1,"nombre":"Arturo Rodriguez","telefono":"7471197393","profesion":"Ingeniero en Sistemas Computacionales","especialidad":"Telem\u00e1tica","cedula":null,"ciudad":"Iguala","estado":"Gro","facebook":"https:\/\/www.facebook.com\/profile.php?id=100054702115437","instagram":"https:\/\/www.facebook.com\/profile.php?id=100054702115437","twitter":"https:\/\/www.facebook.com\/profile.php?id=100054702115437","habilidades":"Egresado del Tecnol\u00f3gico de Zacatepec, especialista en redes de computadoras. Instalaci\u00f3n de cableado estructurado y de troncales de fibra \u00f3ptica. Capacidad para fusionar fibra y localizar da\u00f1os. Se adaptarme a proyecto de cualquier tama\u00f1o y trabajo en equipo.","created_at":"2020-09-12T14:15:44.000000Z","updated_at":"2020-09-13T03:03:10.000000Z","email":"arturo.itiguala@gmail.com","url_image":"fotos\/fotos\/20BruO2yOdquZSQDyg4ngzAbbKIWpU4D4vNSrfci.jpeg","tags":[{"id":1,"name":"redes","created_at":"2020-09-12T15:57:25.000000Z","updated_at":"2020-09-12T15:57:25.000000Z","pivot":{"expert_id":1,"tag_id":1,"created_at":"2020-09-12T15:57:25.000000Z","updated_at":"2020-09-12T15:57:25.000000Z"}},{"id":2,"name":"fibra \u00f3ptica","created_at":"2020-09-12T15:57:25.000000Z","updated_at":"2020-09-12T15:57:25.000000Z","pivot":{"expert_id":1,"tag_id":2,"created_at":"2020-09-12T15:57:25.000000Z","updated_at":"2020-09-12T15:57:25.000000Z"}},{"id":3,"name":"programacion","created_at":"2020-09-12T15:57:25.000000Z","updated_at":"2020-09-12T15:57:25.000000Z","pivot":{"expert_id":1,"tag_id":3,"created_at":"2020-09-12T15:57:25.000000Z","updated_at":"2020-09-12T15:57:25.000000Z"}},{"id":4,"name":"dise\u00f1o","created_at":"2020-09-12T15:57:25.000000Z","updated_at":"2020-09-12T15:57:25.000000Z","pivot":{"expert_id":1,"tag_id":4,"created_at":"2020-09-12T15:57:25.000000Z","updated_at":"2020-09-12T15:57:25.000000Z"}}],"titulos":[{"id":1,"escuela":"Instituto Tecnol\u00f3gico de Zacatepec","carrera":"Ingeniero en Sistemas Computacionales","fecha_terminacion":"1997","sigue_estudiando":0,"created_at":"2020-09-12T15:57:40.000000Z","updated_at":"2020-09-12T15:57:40.000000Z","expert_id":1},{"id":2,"escuela":"CBTis 56","carrera":"T\u00e9cnico en computaci\u00f3n","fecha_terminacion":"1990","sigue_estudiando":0,"created_at":"2020-09-12T18:30:57.000000Z","updated_at":"2020-09-12T18:30:57.000000Z","expert_id":1}],"trabajos":[]}  
[2020-09-13 03:17:12] local.DEBUG: [{"id":1,"escuela":"Instituto Tecnol\u00f3gico de Zacatepec","carrera":"Ingeniero en Sistemas Computacionales","fecha_terminacion":"1997","sigue_estudiando":0,"created_at":"2020-09-12T15:57:40.000000Z","updated_at":"2020-09-12T15:57:40.000000Z","expert_id":1},{"id":2,"escuela":"CBTis 56","carrera":"T\u00e9cnico en computaci\u00f3n","fecha_terminacion":"1990","sigue_estudiando":0,"created_at":"2020-09-12T18:30:57.000000Z","updated_at":"2020-09-12T18:30:57.000000Z","expert_id":1}]  
[2020-09-13 03:17:12] local.DEBUG: Saliendo del mount  
[2020-09-13 03:17:12] local.DEBUG: En el mount de Educacion  
[2020-09-13 03:17:12] local.DEBUG: El experto es:   
[2020-09-13 03:17:12] local.DEBUG: 1  
[2020-09-13 03:17:20] local.DEBUG: En el aboutUpdate  
[2020-09-13 03:17:20] local.DEBUG: http://contacto-amarillo.test:8000/storage/photo/zrRkqhAhVG1AQl3v3gQxOvA7d46HxuBoLO9dxHjQ.jpeg  
[2020-09-13 03:17:20] local.DEBUG: El archivo es 1:   
[2020-09-13 03:17:20] local.DEBUG: storage/photo/zrRkqhAhVG1AQl3v3gQxOvA7d46HxuBoLO9dxHjQ.jpeg  
[2020-09-13 03:17:20] local.DEBUG: El archivo es 2:   
[2020-09-13 03:17:20] local.DEBUG: storage/photo/zrRkqhAhVG1AQl3v3gQxOvA7d46HxuBoLO9dxHjQ.jpeg  
[2020-09-13 03:17:20] local.DEBUG: Saliendo del aboutUpdate  
[2020-09-13 03:22:59] local.DEBUG: En el mount del expert  
[2020-09-13 03:22:59] local.DEBUG: usuario  
[2020-09-13 03:22:59] local.DEBUG: {"id":1,"name":"Arturo Rodriguez","email":"arturo.itiguala@gmail.com","email_verified_at":null,"type":"2","usable_type":"App\\Expert","usable_id":1,"created_at":"2020-09-12T14:15:44.000000Z","updated_at":"2020-09-12T14:15:44.000000Z","terminacion_estudios":null,"sigue_estudiando":null}  
[2020-09-13 03:22:59] local.DEBUG: Experto  
[2020-09-13 03:22:59] local.DEBUG: {"id":1,"nombre":"Arturo Rodriguez","telefono":"7471197393","profesion":"Ingeniero en Sistemas Computacionales","especialidad":"Telem\u00e1tica","cedula":null,"ciudad":"Iguala","estado":"Gro","facebook":"https:\/\/www.facebook.com\/profile.php?id=100054702115437","instagram":"https:\/\/www.facebook.com\/profile.php?id=100054702115437","twitter":"https:\/\/www.facebook.com\/profile.php?id=100054702115437","habilidades":"Egresado del Tecnol\u00f3gico de Zacatepec, especialista en redes de computadoras. Instalaci\u00f3n de cableado estructurado y de troncales de fibra \u00f3ptica. Capacidad para fusionar fibra y localizar da\u00f1os. Se adaptarme a proyecto de cualquier tama\u00f1o y trabajo en equipo.","created_at":"2020-09-12T14:15:44.000000Z","updated_at":"2020-09-13T03:17:20.000000Z","email":"arturo.itiguala@gmail.com","url_image":"storage\/photo\/zrRkqhAhVG1AQl3v3gQxOvA7d46HxuBoLO9dxHjQ.jpeg"}  
[2020-09-13 03:22:59] local.DEBUG: tags  
[2020-09-13 03:22:59] local.DEBUG: [{"id":1,"name":"redes","created_at":"2020-09-12T15:57:25.000000Z","updated_at":"2020-09-12T15:57:25.000000Z","pivot":{"expert_id":1,"tag_id":1,"created_at":"2020-09-12T15:57:25.000000Z","updated_at":"2020-09-12T15:57:25.000000Z"}},{"id":2,"name":"fibra \u00f3ptica","created_at":"2020-09-12T15:57:25.000000Z","updated_at":"2020-09-12T15:57:25.000000Z","pivot":{"expert_id":1,"tag_id":2,"created_at":"2020-09-12T15:57:25.000000Z","updated_at":"2020-09-12T15:57:25.000000Z"}},{"id":3,"name":"programacion","created_at":"2020-09-12T15:57:25.000000Z","updated_at":"2020-09-12T15:57:25.000000Z","pivot":{"expert_id":1,"tag_id":3,"created_at":"2020-09-12T15:57:25.000000Z","updated_at":"2020-09-12T15:57:25.000000Z"}},{"id":4,"name":"dise\u00f1o","created_at":"2020-09-12T15:57:25.000000Z","updated_at":"2020-09-12T15:57:25.000000Z","pivot":{"expert_id":1,"tag_id":4,"created_at":"2020-09-12T15:57:25.000000Z","updated_at":"2020-09-12T15:57:25.000000Z"}}]  
[2020-09-13 03:22:59] local.DEBUG: ha sido actualizado  
[2020-09-13 03:22:59] local.DEBUG: quero sacar la foto de::::   
[2020-09-13 03:22:59] local.DEBUG: storage/photo/zrRkqhAhVG1AQl3v3gQxOvA7d46HxuBoLO9dxHjQ.jpeg  
[2020-09-13 03:22:59] local.DEBUG: {"id":1,"nombre":"Arturo Rodriguez","telefono":"7471197393","profesion":"Ingeniero en Sistemas Computacionales","especialidad":"Telem\u00e1tica","cedula":null,"ciudad":"Iguala","estado":"Gro","facebook":"https:\/\/www.facebook.com\/profile.php?id=100054702115437","instagram":"https:\/\/www.facebook.com\/profile.php?id=100054702115437","twitter":"https:\/\/www.facebook.com\/profile.php?id=100054702115437","habilidades":"Egresado del Tecnol\u00f3gico de Zacatepec, especialista en redes de computadoras. Instalaci\u00f3n de cableado estructurado y de troncales de fibra \u00f3ptica. Capacidad para fusionar fibra y localizar da\u00f1os. Se adaptarme a proyecto de cualquier tama\u00f1o y trabajo en equipo.","created_at":"2020-09-12T14:15:44.000000Z","updated_at":"2020-09-13T03:17:20.000000Z","email":"arturo.itiguala@gmail.com","url_image":"storage\/photo\/zrRkqhAhVG1AQl3v3gQxOvA7d46HxuBoLO9dxHjQ.jpeg","tags":[{"id":1,"name":"redes","created_at":"2020-09-12T15:57:25.000000Z","updated_at":"2020-09-12T15:57:25.000000Z","pivot":{"expert_id":1,"tag_id":1,"created_at":"2020-09-12T15:57:25.000000Z","updated_at":"2020-09-12T15:57:25.000000Z"}},{"id":2,"name":"fibra \u00f3ptica","created_at":"2020-09-12T15:57:25.000000Z","updated_at":"2020-09-12T15:57:25.000000Z","pivot":{"expert_id":1,"tag_id":2,"created_at":"2020-09-12T15:57:25.000000Z","updated_at":"2020-09-12T15:57:25.000000Z"}},{"id":3,"name":"programacion","created_at":"2020-09-12T15:57:25.000000Z","updated_at":"2020-09-12T15:57:25.000000Z","pivot":{"expert_id":1,"tag_id":3,"created_at":"2020-09-12T15:57:25.000000Z","updated_at":"2020-09-12T15:57:25.000000Z"}},{"id":4,"name":"dise\u00f1o","created_at":"2020-09-12T15:57:25.000000Z","updated_at":"2020-09-12T15:57:25.000000Z","pivot":{"expert_id":1,"tag_id":4,"created_at":"2020-09-12T15:57:25.000000Z","updated_at":"2020-09-12T15:57:25.000000Z"}}],"titulos":[{"id":1,"escuela":"Instituto Tecnol\u00f3gico de Zacatepec","carrera":"Ingeniero en Sistemas Computacionales","fecha_terminacion":"1997","sigue_estudiando":0,"created_at":"2020-09-12T15:57:40.000000Z","updated_at":"2020-09-12T15:57:40.000000Z","expert_id":1},{"id":2,"escuela":"CBTis 56","carrera":"T\u00e9cnico en computaci\u00f3n","fecha_terminacion":"1990","sigue_estudiando":0,"created_at":"2020-09-12T18:30:57.000000Z","updated_at":"2020-09-12T18:30:57.000000Z","expert_id":1}],"trabajos":[]}  
[2020-09-13 03:22:59] local.DEBUG: [{"id":1,"escuela":"Instituto Tecnol\u00f3gico de Zacatepec","carrera":"Ingeniero en Sistemas Computacionales","fecha_terminacion":"1997","sigue_estudiando":0,"created_at":"2020-09-12T15:57:40.000000Z","updated_at":"2020-09-12T15:57:40.000000Z","expert_id":1},{"id":2,"escuela":"CBTis 56","carrera":"T\u00e9cnico en computaci\u00f3n","fecha_terminacion":"1990","sigue_estudiando":0,"created_at":"2020-09-12T18:30:57.000000Z","updated_at":"2020-09-12T18:30:57.000000Z","expert_id":1}]  
[2020-09-13 03:22:59] local.DEBUG: Saliendo del mount  
[2020-09-13 03:22:59] local.DEBUG: En el mount de Educacion  
[2020-09-13 03:22:59] local.DEBUG: El experto es:   
[2020-09-13 03:22:59] local.DEBUG: 1  
[2020-09-13 03:23:10] local.DEBUG: En el aboutUpdate  
[2020-09-13 03:23:10] local.DEBUG: http://contacto-amarillo.test:8000/public/PCQKR1F8jjdcV0E68znVIqPl4f8ZVnmJZdnSLPDL.jpeg  
[2020-09-13 03:23:10] local.DEBUG: El archivo es 1:   
[2020-09-13 03:23:10] local.DEBUG: public/PCQKR1F8jjdcV0E68znVIqPl4f8ZVnmJZdnSLPDL.jpeg  
[2020-09-13 03:23:10] local.DEBUG: El archivo es 2:   
[2020-09-13 03:23:10] local.DEBUG: storage/PCQKR1F8jjdcV0E68znVIqPl4f8ZVnmJZdnSLPDL.jpeg  
[2020-09-13 03:23:10] local.DEBUG: Saliendo del aboutUpdate  
[2020-09-13 03:24:43] local.DEBUG: En el aboutUpdate  
[2020-09-13 03:24:43] local.DEBUG: http://contacto-amarillo.test:8000/photo/j4BFPOnSW3BVgmqg80Ck5A49ofKDkTSPXIvFVLxm.jpeg  
[2020-09-13 03:24:43] local.DEBUG: El archivo es 1:   
[2020-09-13 03:24:43] local.DEBUG: photo/j4BFPOnSW3BVgmqg80Ck5A49ofKDkTSPXIvFVLxm.jpeg  
[2020-09-13 03:24:43] local.DEBUG: El archivo es 2:   
[2020-09-13 03:24:43] local.DEBUG: photo/j4BFPOnSW3BVgmqg80Ck5A49ofKDkTSPXIvFVLxm.jpeg  
[2020-09-13 03:24:43] local.DEBUG: Saliendo del aboutUpdate  
[2020-09-13 03:25:54] local.DEBUG: En el aboutUpdate  
[2020-09-13 03:25:54] local.ERROR: File not found at path: livewire-tmp/FfIBo7PmE2APt7bEcqgKgXH8H3jyyj-metaYXJvZC5qcGc=-.jpeg {"userId":1,"exception":"[object] (League\\Flysystem\\FileNotFoundException(code: 0): File not found at path: livewire-tmp/FfIBo7PmE2APt7bEcqgKgXH8H3jyyj-metaYXJvZC5qcGc=-.jpeg at D:\\proyectos\\contacto-amarillo003\\vendor\\league\\flysystem\\src\\Filesystem.php:389)
[stacktrace]
#0 D:\\proyectos\\contacto-amarillo003\\vendor\\league\\flysystem\\src\\Filesystem.php(283): League\\Flysystem\\Filesystem->assertPresent('livewire-tmp/Ff...')
#1 D:\\proyectos\\contacto-amarillo003\\vendor\\laravel\\framework\\src\\Illuminate\\Filesystem\\FilesystemAdapter.php(405): League\\Flysystem\\Filesystem->getMimetype('livewire-tmp/Ff...')
#2 D:\\proyectos\\contacto-amarillo003\\vendor\\livewire\\livewire\\src\\TemporaryUploadedFile.php(45): Illuminate\\Filesystem\\FilesystemAdapter->mimeType('livewire-tmp/Ff...')
#3 D:\\proyectos\\contacto-amarillo003\\vendor\\symfony\\http-foundation\\File\\File.php(61): Livewire\\TemporaryUploadedFile->getMimeType()
#4 D:\\proyectos\\contacto-amarillo003\\vendor\\laravel\\framework\\src\\Illuminate\\Validation\\Concerns\\ValidatesAttributes.php(1219): Symfony\\Component\\HttpFoundation\\File\\File->guessExtension()
#5 D:\\proyectos\\contacto-amarillo003\\vendor\\laravel\\framework\\src\\Illuminate\\Validation\\Concerns\\ValidatesAttributes.php(1067): Illuminate\\Validation\\Validator->validateMimes('foto', Object(Livewire\\TemporaryUploadedFile), Array)
#6 D:\\proyectos\\contacto-amarillo003\\vendor\\laravel\\framework\\src\\Illuminate\\Validation\\Validator.php(547): Illuminate\\Validation\\Validator->validateImage('foto', Object(Livewire\\TemporaryUploadedFile), Array, Object(Illuminate\\Validation\\Validator))
#7 D:\\proyectos\\contacto-amarillo003\\vendor\\laravel\\framework\\src\\Illuminate\\Validation\\Validator.php(370): Illuminate\\Validation\\Validator->validateAttribute('foto', 'Image')
#8 D:\\proyectos\\contacto-amarillo003\\vendor\\laravel\\framework\\src\\Illuminate\\Validation\\Validator.php(401): Illuminate\\Validation\\Validator->passes()
#9 D:\\proyectos\\contacto-amarillo003\\vendor\\laravel\\framework\\src\\Illuminate\\Validation\\Validator.php(444): Illuminate\\Validation\\Validator->fails()
#10 D:\\proyectos\\contacto-amarillo003\\vendor\\livewire\\livewire\\src\\ComponentConcerns\\ValidatesInput.php(80): Illuminate\\Validation\\Validator->validate()
#11 D:\\proyectos\\contacto-amarillo003\\app\\Http\\Livewire\\ExpertProfile.php(140): Livewire\\Component->validate(Array)
#12 D:\\proyectos\\contacto-amarillo003\\vendor\\livewire\\livewire\\src\\ComponentConcerns\\HandlesActions.php(99): App\\Http\\Livewire\\ExpertProfile->aboutUpdate()
#13 D:\\proyectos\\contacto-amarillo003\\vendor\\livewire\\livewire\\src\\Connection\\ConnectionHandler.php(46): Livewire\\Component->callMethod('aboutUpdate', Array)
#14 D:\\proyectos\\contacto-amarillo003\\vendor\\livewire\\livewire\\src\\Connection\\ConnectionHandler.php(21): Livewire\\Connection\\ConnectionHandler->processMessage('callMethod', Array, Object(App\\Http\\Livewire\\ExpertProfile))
#15 D:\\proyectos\\contacto-amarillo003\\vendor\\livewire\\livewire\\src\\Controllers\\HttpConnectionHandler.php(13): Livewire\\Connection\\ConnectionHandler->handle(Array)
#16 D:\\proyectos\\contacto-amarillo003\\vendor\\laravel\\framework\\src\\Illuminate\\Routing\\ControllerDispatcher.php(48): Livewire\\Controllers\\HttpConnectionHandler->__invoke('expert-profile')
#17 D:\\proyectos\\contacto-amarillo003\\vendor\\laravel\\framework\\src\\Illuminate\\Routing\\Route.php(239): Illuminate\\Routing\\ControllerDispatcher->dispatch(Object(Illuminate\\Routing\\Route), Object(Livewire\\Controllers\\HttpConnectionHandler), '__invoke')
#18 D:\\proyectos\\contacto-amarillo003\\vendor\\laravel\\framework\\src\\Illuminate\\Routing\\Route.php(196): Illuminate\\Routing\\Route->runController()
#19 D:\\proyectos\\contacto-amarillo003\\vendor\\laravel\\framework\\src\\Illuminate\\Routing\\Router.php(685): Illuminate\\Routing\\Route->run()
#20 D:\\proyectos\\contacto-amarillo003\\vendor\\laravel\\framework\\src\\Illuminate\\Pipeline\\Pipeline.php(128): Illuminate\\Routing\\Router->Illuminate\\Routing\\{closure}(Object(Illuminate\\Http\\Request))
#21 D:\\proyectos\\contacto-amarillo003\\vendor\\laravel\\framework\\src\\Illuminate\\Routing\\Middleware\\SubstituteBindings.php(41): Illuminate\\Pipeline\\Pipeline->Illuminate\\Pipeline\\{closure}(Object(Illuminate\\Http\\Request))
#22 D:\\proyectos\\contacto-amarillo003\\vendor\\laravel\\framework\\src\\Illuminate\\Pipeline\\Pipeline.php(167): Illuminate\\Routing\\Middleware\\SubstituteBindings->handle(Object(Illuminate\\Http\\Request), Object(Closure))
#23 D:\\proyectos\\contacto-amarillo003\\vendor\\laravel\\framework\\src\\Illuminate\\Foundation\\Http\\Middleware\\VerifyCsrfToken.php(77): Illuminate\\Pipeline\\Pipeline->Illuminate\\Pipeline\\{closure}(Object(Illuminate\\Http\\Request))
#24 D:\\proyectos\\contacto-amarillo003\\vendor\\laravel\\framework\\src\\Illuminate\\Pipeline\\Pipeline.php(167): Illuminate\\Foundation\\Http\\Middleware\\VerifyCsrfToken->handle(Object(Illuminate\\Http\\Request), Object(Closure))
#25 D:\\proyectos\\contacto-amarillo003\\vendor\\laravel\\framework\\src\\Illuminate\\View\\Middleware\\ShareErrorsFromSession.php(49): Illuminate\\Pipeline\\Pipeline->Illuminate\\Pipeline\\{closure}(Object(Illuminate\\Http\\Request))
#26 D:\\proyectos\\contacto-amarillo003\\vendor\\laravel\\framework\\src\\Illuminate\\Pipeline\\Pipeline.php(167): Illuminate\\View\\Middleware\\ShareErrorsFromSession->handle(Object(Illuminate\\Http\\Request), Object(Closure))
#27 D:\\proyectos\\contacto-amarillo003\\vendor\\laravel\\framework\\src\\Illuminate\\Session\\Middleware\\StartSession.php(116): Illuminate\\Pipeline\\Pipeline->Illuminate\\Pipeline\\{closure}(Object(Illuminate\\Http\\Request))
#28 D:\\proyectos\\contacto-amarillo003\\vendor\\laravel\\framework\\src\\Illuminate\\Session\\Middleware\\StartSession.php(62): Illuminate\\Session\\Middleware\\StartSession->handleStatefulRequest(Object(Illuminate\\Http\\Request), Object(Illuminate\\Session\\Store), Object(Closure))
#29 D:\\proyectos\\contacto-amarillo003\\vendor\\laravel\\framework\\src\\Illuminate\\Pipeline\\Pipeline.php(167): Illuminate\\Session\\Middleware\\StartSession->handle(Object(Illuminate\\Http\\Request), Object(Closure))
#30 D:\\proyectos\\contacto-amarillo003\\vendor\\laravel\\framework\\src\\Illuminate\\Cookie\\Middleware\\AddQueuedCookiesToResponse.php(37): Illuminate\\Pipeline\\Pipeline->Illuminate\\Pipeline\\{closure}(Object(Illuminate\\Http\\Request))
#31 D:\\proyectos\\contacto-amarillo003\\vendor\\laravel\\framework\\src\\Illuminate\\Pipeline\\Pipeline.php(167): Illuminate\\Cookie\\Middleware\\AddQueuedCookiesToResponse->handle(Object(Illuminate\\Http\\Request), Object(Closure))
#32 D:\\proyectos\\contacto-amarillo003\\vendor\\laravel\\framework\\src\\Illuminate\\Cookie\\Middleware\\EncryptCookies.php(67): Illuminate\\Pipeline\\Pipeline->Illuminate\\Pipeline\\{closure}(Object(Illuminate\\Http\\Request))
#33 D:\\proyectos\\contacto-amarillo003\\vendor\\laravel\\framework\\src\\Illuminate\\Pipeline\\Pipeline.php(167): Illuminate\\Cookie\\Middleware\\EncryptCookies->handle(Object(Illuminate\\Http\\Request), Object(Closure))
#34 D:\\proyectos\\contacto-amarillo003\\vendor\\laravel\\framework\\src\\Illuminate\\Pipeline\\Pipeline.php(103): Illuminate\\Pipeline\\Pipeline->Illuminate\\Pipeline\\{closure}(Object(Illuminate\\Http\\Request))
#35 D:\\proyectos\\contacto-amarillo003\\vendor\\laravel\\framework\\src\\Illuminate\\Routing\\Router.php(687): Illuminate\\Pipeline\\Pipeline->then(Object(Closure))
#36 D:\\proyectos\\contacto-amarillo003\\vendor\\laravel\\framework\\src\\Illuminate\\Routing\\Router.php(662): Illuminate\\Routing\\Router->runRouteWithinStack(Object(Illuminate\\Routing\\Route), Object(Illuminate\\Http\\Request))
#37 D:\\proyectos\\contacto-amarillo003\\vendor\\laravel\\framework\\src\\Illuminate\\Routing\\Router.php(628): Illuminate\\Routing\\Router->runRoute(Object(Illuminate\\Http\\Request), Object(Illuminate\\Routing\\Route))
#38 D:\\proyectos\\contacto-amarillo003\\vendor\\laravel\\framework\\src\\Illuminate\\Routing\\Router.php(617): Illuminate\\Routing\\Router->dispatchToRoute(Object(Illuminate\\Http\\Request))
#39 D:\\proyectos\\contacto-amarillo003\\vendor\\laravel\\framework\\src\\Illuminate\\Foundation\\Http\\Kernel.php(165): Illuminate\\Routing\\Router->dispatch(Object(Illuminate\\Http\\Request))
#40 D:\\proyectos\\contacto-amarillo003\\vendor\\laravel\\framework\\src\\Illuminate\\Pipeline\\Pipeline.php(128): Illuminate\\Foundation\\Http\\Kernel->Illuminate\\Foundation\\Http\\{closure}(Object(Illuminate\\Http\\Request))
#41 D:\\proyectos\\contacto-amarillo003\\vendor\\laravel\\framework\\src\\Illuminate\\Foundation\\Http\\Middleware\\ValidatePostSize.php(27): Illuminate\\Pipeline\\Pipeline->Illuminate\\Pipeline\\{closure}(Object(Illuminate\\Http\\Request))
#42 D:\\proyectos\\contacto-amarillo003\\vendor\\laravel\\framework\\src\\Illuminate\\Pipeline\\Pipeline.php(167): Illuminate\\Foundation\\Http\\Middleware\\ValidatePostSize->handle(Object(Illuminate\\Http\\Request), Object(Closure))
#43 D:\\proyectos\\contacto-amarillo003\\vendor\\laravel\\framework\\src\\Illuminate\\Foundation\\Http\\Middleware\\CheckForMaintenanceMode.php(63): Illuminate\\Pipeline\\Pipeline->Illuminate\\Pipeline\\{closure}(Object(Illuminate\\Http\\Request))
#44 D:\\proyectos\\contacto-amarillo003\\vendor\\laravel\\framework\\src\\Illuminate\\Pipeline\\Pipeline.php(167): Illuminate\\Foundation\\Http\\Middleware\\CheckForMaintenanceMode->handle(Object(Illuminate\\Http\\Request), Object(Closure))
#45 D:\\proyectos\\contacto-amarillo003\\vendor\\fruitcake\\laravel-cors\\src\\HandleCors.php(37): Illuminate\\Pipeline\\Pipeline->Illuminate\\Pipeline\\{closure}(Object(Illuminate\\Http\\Request))
#46 D:\\proyectos\\contacto-amarillo003\\vendor\\laravel\\framework\\src\\Illuminate\\Pipeline\\Pipeline.php(167): Fruitcake\\Cors\\HandleCors->handle(Object(Illuminate\\Http\\Request), Object(Closure))
#47 D:\\proyectos\\contacto-amarillo003\\vendor\\fideloper\\proxy\\src\\TrustProxies.php(57): Illuminate\\Pipeline\\Pipeline->Illuminate\\Pipeline\\{closure}(Object(Illuminate\\Http\\Request))
#48 D:\\proyectos\\contacto-amarillo003\\vendor\\laravel\\framework\\src\\Illuminate\\Pipeline\\Pipeline.php(167): Fideloper\\Proxy\\TrustProxies->handle(Object(Illuminate\\Http\\Request), Object(Closure))
#49 D:\\proyectos\\contacto-amarillo003\\vendor\\laravel\\framework\\src\\Illuminate\\Pipeline\\Pipeline.php(103): Illuminate\\Pipeline\\Pipeline->Illuminate\\Pipeline\\{closure}(Object(Illuminate\\Http\\Request))
#50 D:\\proyectos\\contacto-amarillo003\\vendor\\laravel\\framework\\src\\Illuminate\\Foundation\\Http\\Kernel.php(140): Illuminate\\Pipeline\\Pipeline->then(Object(Closure))
#51 D:\\proyectos\\contacto-amarillo003\\vendor\\laravel\\framework\\src\\Illuminate\\Foundation\\Http\\Kernel.php(109): Illuminate\\Foundation\\Http\\Kernel->sendRequestThroughRouter(Object(Illuminate\\Http\\Request))
#52 D:\\proyectos\\contacto-amarillo003\\public\\index.php(55): Illuminate\\Foundation\\Http\\Kernel->handle(Object(Illuminate\\Http\\Request))
#53 D:\\proyectos\\contacto-amarillo003\\server.php(21): require_once('D:\\\\proyectos\\\\co...')
#54 {main}
"} 
[2020-09-13 03:25:59] local.DEBUG: En el mount del expert  
[2020-09-13 03:25:59] local.DEBUG: usuario  
[2020-09-13 03:25:59] local.DEBUG: {"id":1,"name":"Arturo Rodriguez","email":"arturo.itiguala@gmail.com","email_verified_at":null,"type":"2","usable_type":"App\\Expert","usable_id":1,"created_at":"2020-09-12T14:15:44.000000Z","updated_at":"2020-09-12T14:15:44.000000Z","terminacion_estudios":null,"sigue_estudiando":null}  
[2020-09-13 03:25:59] local.DEBUG: Experto  
[2020-09-13 03:25:59] local.DEBUG: {"id":1,"nombre":"Arturo Rodriguez","telefono":"7471197393","profesion":"Ingeniero en Sistemas Computacionales","especialidad":"Telem\u00e1tica","cedula":null,"ciudad":"Iguala","estado":"Gro","facebook":"https:\/\/www.facebook.com\/profile.php?id=100054702115437","instagram":"https:\/\/www.facebook.com\/profile.php?id=100054702115437","twitter":"https:\/\/www.facebook.com\/profile.php?id=100054702115437","habilidades":"Egresado del Tecnol\u00f3gico de Zacatepec, especialista en redes de computadoras. Instalaci\u00f3n de cableado estructurado y de troncales de fibra \u00f3ptica. Capacidad para fusionar fibra y localizar da\u00f1os. Se adaptarme a proyecto de cualquier tama\u00f1o y trabajo en equipo.","created_at":"2020-09-12T14:15:44.000000Z","updated_at":"2020-09-13T03:24:43.000000Z","email":"arturo.itiguala@gmail.com","url_image":"photo\/j4BFPOnSW3BVgmqg80Ck5A49ofKDkTSPXIvFVLxm.jpeg"}  
[2020-09-13 03:25:59] local.DEBUG: tags  
[2020-09-13 03:25:59] local.DEBUG: [{"id":1,"name":"redes","created_at":"2020-09-12T15:57:25.000000Z","updated_at":"2020-09-12T15:57:25.000000Z","pivot":{"expert_id":1,"tag_id":1,"created_at":"2020-09-12T15:57:25.000000Z","updated_at":"2020-09-12T15:57:25.000000Z"}},{"id":2,"name":"fibra \u00f3ptica","created_at":"2020-09-12T15:57:25.000000Z","updated_at":"2020-09-12T15:57:25.000000Z","pivot":{"expert_id":1,"tag_id":2,"created_at":"2020-09-12T15:57:25.000000Z","updated_at":"2020-09-12T15:57:25.000000Z"}},{"id":3,"name":"programacion","created_at":"2020-09-12T15:57:25.000000Z","updated_at":"2020-09-12T15:57:25.000000Z","pivot":{"expert_id":1,"tag_id":3,"created_at":"2020-09-12T15:57:25.000000Z","updated_at":"2020-09-12T15:57:25.000000Z"}},{"id":4,"name":"dise\u00f1o","created_at":"2020-09-12T15:57:25.000000Z","updated_at":"2020-09-12T15:57:25.000000Z","pivot":{"expert_id":1,"tag_id":4,"created_at":"2020-09-12T15:57:25.000000Z","updated_at":"2020-09-12T15:57:25.000000Z"}}]  
[2020-09-13 03:25:59] local.DEBUG: ha sido actualizado  
[2020-09-13 03:25:59] local.DEBUG: quero sacar la foto de::::   
[2020-09-13 03:25:59] local.DEBUG: photo/j4BFPOnSW3BVgmqg80Ck5A49ofKDkTSPXIvFVLxm.jpeg  
[2020-09-13 03:25:59] local.DEBUG: {"id":1,"nombre":"Arturo Rodriguez","telefono":"7471197393","profesion":"Ingeniero en Sistemas Computacionales","especialidad":"Telem\u00e1tica","cedula":null,"ciudad":"Iguala","estado":"Gro","facebook":"https:\/\/www.facebook.com\/profile.php?id=100054702115437","instagram":"https:\/\/www.facebook.com\/profile.php?id=100054702115437","twitter":"https:\/\/www.facebook.com\/profile.php?id=100054702115437","habilidades":"Egresado del Tecnol\u00f3gico de Zacatepec, especialista en redes de computadoras. Instalaci\u00f3n de cableado estructurado y de troncales de fibra \u00f3ptica. Capacidad para fusionar fibra y localizar da\u00f1os. Se adaptarme a proyecto de cualquier tama\u00f1o y trabajo en equipo.","created_at":"2020-09-12T14:15:44.000000Z","updated_at":"2020-09-13T03:24:43.000000Z","email":"arturo.itiguala@gmail.com","url_image":"photo\/j4BFPOnSW3BVgmqg80Ck5A49ofKDkTSPXIvFVLxm.jpeg","tags":[{"id":1,"name":"redes","created_at":"2020-09-12T15:57:25.000000Z","updated_at":"2020-09-12T15:57:25.000000Z","pivot":{"expert_id":1,"tag_id":1,"created_at":"2020-09-12T15:57:25.000000Z","updated_at":"2020-09-12T15:57:25.000000Z"}},{"id":2,"name":"fibra \u00f3ptica","created_at":"2020-09-12T15:57:25.000000Z","updated_at":"2020-09-12T15:57:25.000000Z","pivot":{"expert_id":1,"tag_id":2,"created_at":"2020-09-12T15:57:25.000000Z","updated_at":"2020-09-12T15:57:25.000000Z"}},{"id":3,"name":"programacion","created_at":"2020-09-12T15:57:25.000000Z","updated_at":"2020-09-12T15:57:25.000000Z","pivot":{"expert_id":1,"tag_id":3,"created_at":"2020-09-12T15:57:25.000000Z","updated_at":"2020-09-12T15:57:25.000000Z"}},{"id":4,"name":"dise\u00f1o","created_at":"2020-09-12T15:57:25.000000Z","updated_at":"2020-09-12T15:57:25.000000Z","pivot":{"expert_id":1,"tag_id":4,"created_at":"2020-09-12T15:57:25.000000Z","updated_at":"2020-09-12T15:57:25.000000Z"}}],"titulos":[{"id":1,"escuela":"Instituto Tecnol\u00f3gico de Zacatepec","carrera":"Ingeniero en Sistemas Computacionales","fecha_terminacion":"1997","sigue_estudiando":0,"created_at":"2020-09-12T15:57:40.000000Z","updated_at":"2020-09-12T15:57:40.000000Z","expert_id":1},{"id":2,"escuela":"CBTis 56","carrera":"T\u00e9cnico en computaci\u00f3n","fecha_terminacion":"1990","sigue_estudiando":0,"created_at":"2020-09-12T18:30:57.000000Z","updated_at":"2020-09-12T18:30:57.000000Z","expert_id":1}],"trabajos":[]}  
[2020-09-13 03:25:59] local.DEBUG: [{"id":1,"escuela":"Instituto Tecnol\u00f3gico de Zacatepec","carrera":"Ingeniero en Sistemas Computacionales","fecha_terminacion":"1997","sigue_estudiando":0,"created_at":"2020-09-12T15:57:40.000000Z","updated_at":"2020-09-12T15:57:40.000000Z","expert_id":1},{"id":2,"escuela":"CBTis 56","carrera":"T\u00e9cnico en computaci\u00f3n","fecha_terminacion":"1990","sigue_estudiando":0,"created_at":"2020-09-12T18:30:57.000000Z","updated_at":"2020-09-12T18:30:57.000000Z","expert_id":1}]  
[2020-09-13 03:25:59] local.DEBUG: Saliendo del mount  
[2020-09-13 03:25:59] local.DEBUG: En el mount de Educacion  
[2020-09-13 03:25:59] local.DEBUG: El experto es:   
[2020-09-13 03:25:59] local.DEBUG: 1  
[2020-09-13 03:26:07] local.DEBUG: En el aboutUpdate  
[2020-09-13 03:26:07] local.DEBUG: http://contacto-amarillo.test:8000/public/photo/U9IXq4m8rJFmL1jfVa3HjaBVcm3GnyeEgphe9i55.jpeg  
[2020-09-13 03:26:07] local.DEBUG: El archivo es 1:   
[2020-09-13 03:26:07] local.DEBUG: public/photo/U9IXq4m8rJFmL1jfVa3HjaBVcm3GnyeEgphe9i55.jpeg  
[2020-09-13 03:26:07] local.DEBUG: El archivo es 2:   
[2020-09-13 03:26:07] local.DEBUG: storage/photo/U9IXq4m8rJFmL1jfVa3HjaBVcm3GnyeEgphe9i55.jpeg  
[2020-09-13 03:26:07] local.DEBUG: Saliendo del aboutUpdate  
[2020-09-13 03:26:40] local.DEBUG: En el mount del expert  
[2020-09-13 03:26:40] local.DEBUG: usuario  
[2020-09-13 03:26:40] local.DEBUG: {"id":1,"name":"Arturo Rodriguez","email":"arturo.itiguala@gmail.com","email_verified_at":null,"type":"2","usable_type":"App\\Expert","usable_id":1,"created_at":"2020-09-12T14:15:44.000000Z","updated_at":"2020-09-12T14:15:44.000000Z","terminacion_estudios":null,"sigue_estudiando":null}  
[2020-09-13 03:26:40] local.DEBUG: Experto  
[2020-09-13 03:26:40] local.DEBUG: {"id":1,"nombre":"Arturo Rodriguez","telefono":"7471197393","profesion":"Ingeniero en Sistemas Computacionales","especialidad":"Telem\u00e1tica","cedula":null,"ciudad":"Iguala","estado":"Gro","facebook":"https:\/\/www.facebook.com\/profile.php?id=100054702115437","instagram":"https:\/\/www.facebook.com\/profile.php?id=100054702115437","twitter":"https:\/\/www.facebook.com\/profile.php?id=100054702115437","habilidades":"Egresado del Tecnol\u00f3gico de Zacatepec, especialista en redes de computadoras. Instalaci\u00f3n de cableado estructurado y de troncales de fibra \u00f3ptica. Capacidad para fusionar fibra y localizar da\u00f1os. Se adaptarme a proyecto de cualquier tama\u00f1o y trabajo en equipo.","created_at":"2020-09-12T14:15:44.000000Z","updated_at":"2020-09-13T03:26:07.000000Z","email":"arturo.itiguala@gmail.com","url_image":"storage\/photo\/U9IXq4m8rJFmL1jfVa3HjaBVcm3GnyeEgphe9i55.jpeg"}  
[2020-09-13 03:26:40] local.DEBUG: tags  
[2020-09-13 03:26:40] local.DEBUG: [{"id":1,"name":"redes","created_at":"2020-09-12T15:57:25.000000Z","updated_at":"2020-09-12T15:57:25.000000Z","pivot":{"expert_id":1,"tag_id":1,"created_at":"2020-09-12T15:57:25.000000Z","updated_at":"2020-09-12T15:57:25.000000Z"}},{"id":2,"name":"fibra \u00f3ptica","created_at":"2020-09-12T15:57:25.000000Z","updated_at":"2020-09-12T15:57:25.000000Z","pivot":{"expert_id":1,"tag_id":2,"created_at":"2020-09-12T15:57:25.000000Z","updated_at":"2020-09-12T15:57:25.000000Z"}},{"id":3,"name":"programacion","created_at":"2020-09-12T15:57:25.000000Z","updated_at":"2020-09-12T15:57:25.000000Z","pivot":{"expert_id":1,"tag_id":3,"created_at":"2020-09-12T15:57:25.000000Z","updated_at":"2020-09-12T15:57:25.000000Z"}},{"id":4,"name":"dise\u00f1o","created_at":"2020-09-12T15:57:25.000000Z","updated_at":"2020-09-12T15:57:25.000000Z","pivot":{"expert_id":1,"tag_id":4,"created_at":"2020-09-12T15:57:25.000000Z","updated_at":"2020-09-12T15:57:25.000000Z"}}]  
[2020-09-13 03:26:40] local.DEBUG: ha sido actualizado  
[2020-09-13 03:26:40] local.DEBUG: quero sacar la foto de::::   
[2020-09-13 03:26:40] local.DEBUG: storage/photo/U9IXq4m8rJFmL1jfVa3HjaBVcm3GnyeEgphe9i55.jpeg  
[2020-09-13 03:26:40] local.DEBUG: {"id":1,"nombre":"Arturo Rodriguez","telefono":"7471197393","profesion":"Ingeniero en Sistemas Computacionales","especialidad":"Telem\u00e1tica","cedula":null,"ciudad":"Iguala","estado":"Gro","facebook":"https:\/\/www.facebook.com\/profile.php?id=100054702115437","instagram":"https:\/\/www.facebook.com\/profile.php?id=100054702115437","twitter":"https:\/\/www.facebook.com\/profile.php?id=100054702115437","habilidades":"Egresado del Tecnol\u00f3gico de Zacatepec, especialista en redes de computadoras. Instalaci\u00f3n de cableado estructurado y de troncales de fibra \u00f3ptica. Capacidad para fusionar fibra y localizar da\u00f1os. Se adaptarme a proyecto de cualquier tama\u00f1o y trabajo en equipo.","created_at":"2020-09-12T14:15:44.000000Z","updated_at":"2020-09-13T03:26:07.000000Z","email":"arturo.itiguala@gmail.com","url_image":"storage\/photo\/U9IXq4m8rJFmL1jfVa3HjaBVcm3GnyeEgphe9i55.jpeg","tags":[{"id":1,"name":"redes","created_at":"2020-09-12T15:57:25.000000Z","updated_at":"2020-09-12T15:57:25.000000Z","pivot":{"expert_id":1,"tag_id":1,"created_at":"2020-09-12T15:57:25.000000Z","updated_at":"2020-09-12T15:57:25.000000Z"}},{"id":2,"name":"fibra \u00f3ptica","created_at":"2020-09-12T15:57:25.000000Z","updated_at":"2020-09-12T15:57:25.000000Z","pivot":{"expert_id":1,"tag_id":2,"created_at":"2020-09-12T15:57:25.000000Z","updated_at":"2020-09-12T15:57:25.000000Z"}},{"id":3,"name":"programacion","created_at":"2020-09-12T15:57:25.000000Z","updated_at":"2020-09-12T15:57:25.000000Z","pivot":{"expert_id":1,"tag_id":3,"created_at":"2020-09-12T15:57:25.000000Z","updated_at":"2020-09-12T15:57:25.000000Z"}},{"id":4,"name":"dise\u00f1o","created_at":"2020-09-12T15:57:25.000000Z","updated_at":"2020-09-12T15:57:25.000000Z","pivot":{"expert_id":1,"tag_id":4,"created_at":"2020-09-12T15:57:25.000000Z","updated_at":"2020-09-12T15:57:25.000000Z"}}],"titulos":[{"id":1,"escuela":"Instituto Tecnol\u00f3gico de Zacatepec","carrera":"Ingeniero en Sistemas Computacionales","fecha_terminacion":"1997","sigue_estudiando":0,"created_at":"2020-09-12T15:57:40.000000Z","updated_at":"2020-09-12T15:57:40.000000Z","expert_id":1},{"id":2,"escuela":"CBTis 56","carrera":"T\u00e9cnico en computaci\u00f3n","fecha_terminacion":"1990","sigue_estudiando":0,"created_at":"2020-09-12T18:30:57.000000Z","updated_at":"2020-09-12T18:30:57.000000Z","expert_id":1}],"trabajos":[]}  
[2020-09-13 03:26:40] local.DEBUG: [{"id":1,"escuela":"Instituto Tecnol\u00f3gico de Zacatepec","carrera":"Ingeniero en Sistemas Computacionales","fecha_terminacion":"1997","sigue_estudiando":0,"created_at":"2020-09-12T15:57:40.000000Z","updated_at":"2020-09-12T15:57:40.000000Z","expert_id":1},{"id":2,"escuela":"CBTis 56","carrera":"T\u00e9cnico en computaci\u00f3n","fecha_terminacion":"1990","sigue_estudiando":0,"created_at":"2020-09-12T18:30:57.000000Z","updated_at":"2020-09-12T18:30:57.000000Z","expert_id":1}]  
[2020-09-13 03:26:40] local.DEBUG: Saliendo del mount  
[2020-09-13 03:26:40] local.DEBUG: En el mount de Educacion  
[2020-09-13 03:26:40] local.DEBUG: El experto es:   
[2020-09-13 03:26:40] local.DEBUG: 1  
